<?xml version="1.0" encoding="UTF-8"?>
<!-- Generated by org.testng.reporters.JUnitReportReporter -->
<testsuite skipped="0" hostname="DELL-PC" name="features.PetAPI" tests="3" failures="0" timestamp="2020-05-09T15:24:14 IST" time="9.186" errors="0">
  <testcase name="tc02" time="2.394" classname="features.PetAPI"/>
  <testcase name="tc01" time="5.273" classname="features.PetAPI"/>
  <testcase name="tc03" time="1.519" classname="features.PetAPI"/>
</testsuite> <!-- features.PetAPI -->
