<?xml version="1.0" encoding="UTF-8"?>
<!-- Generated by org.testng.reporters.JUnitReportReporter -->
<testsuite skipped="0" hostname="DELL-PC" name="petAPI.PetAPI" tests="3" failures="0" timestamp="2020-05-10T14:06:39 IST" time="8.067" errors="0">
  <testcase name="tc03" time="1.518" classname="petAPI.PetAPI"/>
  <testcase name="tc01" time="4.970" classname="petAPI.PetAPI"/>
  <testcase name="tc02" time="1.579" classname="petAPI.PetAPI"/>
</testsuite> <!-- petAPI.PetAPI -->
